0 silly argv {
0 silly argv   _: [ 'version' ],
0 silly argv   lernaVersion: '4.0.0',
0 silly argv   '$0': '../../../.config/nvm/versions/node/v14.15.2/bin/lerna',
0 silly argv   bump: 'patch'
0 silly argv }
1 notice cli v4.0.0
2 verbose rootPath /home/coco/PERSO/roomlib
3 info current version 1.0.0
4 silly isAnythingCommitted
5 verbose isAnythingCommitted 1
6 silly getCurrentBranch
7 verbose currentBranch master
8 silly remoteBranchExists
9 silly isBehindUpstream
10 silly isBehindUpstream master is behind origin/master by 0 commit(s) and ahead by 1
11 silly hasTags
12 verbose hasTags true
13 silly git-describe.sync "v1.0.0-1-g592b0da" => {"lastTagName":"v1.0.0","lastVersion":"v1.0.0","refCount":"1","sha":"592b0da","isDirty":false}
14 info Looking for changed packages since v1.0.0
15 silly checking diff libs/front
16 silly found diff in libs/front/index.js
17 verbose filtered diff [ 'libs/front/index.js' ]
18 silly checking diff libs/server
19 silly no diff found in @iryu54/room-lib-server
20 verbose updated @iryu54/room-lib-front
21 verbose git-describe undefined => "v1.0.0-1-g592b0da"
22 silly git-describe parsed => {"lastTagName":"v1.0.0","lastVersion":"v1.0.0","refCount":"1","sha":"592b0da","isDirty":false}
23 info execute Skipping releases
24 silly lifecycle No script for "preversion" in "@iryu54/roomlib", continuing
25 silly lifecycle No script for "preversion" in "@iryu54/room-lib-front", continuing
26 silly lifecycle No script for "version" in "@iryu54/room-lib-front", continuing
27 silly lifecycle No script for "version" in "@iryu54/roomlib", continuing
28 silly gitAdd [
28 silly gitAdd   'libs/front/package.json',
28 silly gitAdd   'libs/front/package-lock.json',
28 silly gitAdd   'lerna.json'
28 silly gitAdd ]
29 silly gitCommit v1.0.1
30 verbose git [ 'commit', '-m', 'v1.0.1' ]
31 silly gitTag v1.0.1
32 verbose git [ 'tag', 'v1.0.1', '-m', 'v1.0.1' ]
33 error Error: Command failed with exit code 128: git tag v1.0.1 -m v1.0.1
33 error fatal: l'étiquette 'v1.0.1' existe déjà
33 error     at makeError (/home/coco/.config/nvm/versions/node/v14.15.2/lib/node_modules/lerna/node_modules/execa/lib/error.js:59:11)
33 error     at handlePromise (/home/coco/.config/nvm/versions/node/v14.15.2/lib/node_modules/lerna/node_modules/execa/index.js:114:26)
33 error     at processTicksAndRejections (internal/process/task_queues.js:93:5)
33 error     at async Promise.all (index 0)
